<?xml version="1.0" encoding="UTF-8"?>
<!-- Generated by org.testng.reporters.JUnitXMLReporter -->
<testsuite hostname="10_0_4_6" ignored="19" name="Default test" tests="1" failures="1" timestamp="2020-12-14T08:18:24 CST" time="34.853" errors="0">
  <testcase name="testB8" time="26.413" classname="com.webtest.demo.FrontTestDemo">
    <failure type="java.lang.AssertionError" message="did not expect to find [true] but found [false]">
      <![CDATA[java.lang.AssertionError: did not expect to find [true] but found [false]
at org.testng.Assert.fail(Assert.java:97)
at org.testng.Assert.failNotEquals(Assert.java:969)
at org.testng.Assert.assertTrue(Assert.java:43)
at org.testng.Assert.assertTrue(Assert.java:53)
at com.webtest.demo.FrontTestDemo.testB8(FrontTestDemo.java:465)
at sun.reflect.NativeMethodAccessorImpl.invoke0(Native Method)
at sun.reflect.NativeMethodAccessorImpl.invoke(NativeMethodAccessorImpl.java:62)
at sun.reflect.DelegatingMethodAccessorImpl.invoke(DelegatingMethodAccessorImpl.java:43)
at java.lang.reflect.Method.invoke(Method.java:498)
at org.testng.internal.MethodInvocationHelper.invokeMethod(MethodInvocationHelper.java:133)
at org.testng.internal.TestInvoker.invokeMethod(TestInvoker.java:584)
at org.testng.internal.TestInvoker.invokeTestMethod(TestInvoker.java:172)
at org.testng.internal.MethodRunner.runInSequence(MethodRunner.java:46)
at org.testng.internal.TestInvoker$MethodInvocationAgent.invoke(TestInvoker.java:804)
at org.testng.internal.TestInvoker.invokeTestMethods(TestInvoker.java:145)
at org.testng.internal.TestMethodWorker.invokeTestMethods(TestMethodWorker.java:146)
at org.testng.internal.TestMethodWorker.run(TestMethodWorker.java:128)
at java.util.ArrayList.forEach(ArrayList.java:1259)
at org.testng.TestRunner.privateRun(TestRunner.java:770)
at org.testng.TestRunner.run(TestRunner.java:591)
at org.testng.SuiteRunner.runTest(SuiteRunner.java:402)
at org.testng.SuiteRunner.runSequentially(SuiteRunner.java:396)
at org.testng.SuiteRunner.privateRun(SuiteRunner.java:355)
at org.testng.SuiteRunner.run(SuiteRunner.java:304)
at org.testng.SuiteRunnerWorker.runSuite(SuiteRunnerWorker.java:53)
at org.testng.SuiteRunnerWorker.run(SuiteRunnerWorker.java:96)
at org.testng.TestNG.runSuitesSequentially(TestNG.java:1180)
at org.testng.TestNG.runSuitesLocally(TestNG.java:1102)
at org.testng.TestNG.runSuites(TestNG.java:1032)
at org.testng.TestNG.run(TestNG.java:1000)
at org.testng.remote.AbstractRemoteTestNG.run(AbstractRemoteTestNG.java:115)
at org.testng.remote.RemoteTestNG.initAndRun(RemoteTestNG.java:251)
at org.testng.remote.RemoteTestNG.main(RemoteTestNG.java:77)
]]>
    </failure>
  </testcase> <!-- testB8 -->
  <testcase name="testB7" time="0.0" classname="com.webtest.demo.FrontTestDemo">
    <ignored/>
  </testcase> <!-- testB7 -->
  <testcase name="testA4" time="0.0" classname="com.webtest.demo.FrontTestDemo">
    <ignored/>
  </testcase> <!-- testA4 -->
  <testcase name="testB5" time="0.0" classname="com.webtest.demo.FrontTestDemo">
    <ignored/>
  </testcase> <!-- testB5 -->
  <testcase name="testB6" time="0.0" classname="com.webtest.demo.FrontTestDemo">
    <ignored/>
  </testcase> <!-- testB6 -->
  <testcase name="testA5" time="0.0" classname="com.webtest.demo.FrontTestDemo">
    <ignored/>
  </testcase> <!-- testA5 -->
  <testcase name="testB3" time="0.0" classname="com.webtest.demo.FrontTestDemo">
    <ignored/>
  </testcase> <!-- testB3 -->
  <testcase name="testA2" time="0.0" classname="com.webtest.demo.FrontTestDemo">
    <ignored/>
  </testcase> <!-- testA2 -->
  <testcase name="testB4" time="0.0" classname="com.webtest.demo.FrontTestDemo">
    <ignored/>
  </testcase> <!-- testB4 -->
  <testcase name="testA3" time="0.0" classname="com.webtest.demo.FrontTestDemo">
    <ignored/>
  </testcase> <!-- testA3 -->
  <testcase name="testB1" time="0.0" classname="com.webtest.demo.FrontTestDemo">
    <ignored/>
  </testcase> <!-- testB1 -->
  <testcase name="testC2" time="0.0" classname="com.webtest.demo.FrontTestDemo">
    <ignored/>
  </testcase> <!-- testC2 -->
  <testcase name="testA1" time="0.0" classname="com.webtest.demo.FrontTestDemo">
    <ignored/>
  </testcase> <!-- testA1 -->
  <testcase name="testC3" time="0.0" classname="com.webtest.demo.FrontTestDemo">
    <ignored/>
  </testcase> <!-- testC3 -->
  <testcase name="testB2" time="0.0" classname="com.webtest.demo.FrontTestDemo">
    <ignored/>
  </testcase> <!-- testB2 -->
  <testcase name="testB0" time="0.0" classname="com.webtest.demo.FrontTestDemo">
    <ignored/>
  </testcase> <!-- testB0 -->
  <testcase name="testC1" time="0.0" classname="com.webtest.demo.FrontTestDemo">
    <ignored/>
  </testcase> <!-- testC1 -->
  <testcase name="testA8" time="0.0" classname="com.webtest.demo.FrontTestDemo">
    <ignored/>
  </testcase> <!-- testA8 -->
  <testcase name="testB9" time="0.0" classname="com.webtest.demo.FrontTestDemo">
    <ignored/>
  </testcase> <!-- testB9 -->
  <testcase name="testA7" time="0.0" classname="com.webtest.demo.FrontTestDemo">
    <ignored/>
  </testcase> <!-- testA7 -->
</testsuite> <!-- Default test -->
